# 0.000000 1.156273 2.070386 3.296799 4.298160 G X K G L
0.000000 -0.00505584 0.302271 0.599288 7063.59 7063.95 7064.06 
0.011563 0.214042 0.467018 1.21963 7063.03 7063.71 7063.84 
0.023125 0.739618 0.957516 3.21557 7061.2 7063.08 7063.21 
0.034688 1.56612 1.77338 6.59139 7058.12 7062.05 7062.19 
0.046251 2.71052 2.91421 11.3277 7053.81 7060.61 7060.76 
0.057814 4.17631 4.37901 17.4183 7048.28 7058.77 7058.92 
0.069376 5.96343 6.16638 24.8595 7041.54 7056.53 7056.69 
0.080939 8.07067 8.2746 33.6481 7033.59 7053.89 7054.05 
0.092502 10.4962 10.7016 43.7809 7024.45 7050.86 7051.02 
0.104065 13.2379 13.4451 55.2541 7014.15 7047.43 7047.59 
0.115627 16.293 16.5024 68.0633 7002.68 7043.62 7043.78 
0.127190 19.6587 19.8706 82.2039 6990.07 7039.42 7039.59 
0.138753 23.3318 23.5464 97.6705 6976.34 7034.85 7035.02 
0.150315 27.3087 27.5263 114.457 6961.52 7029.9 7030.08 
0.161878 31.5857 31.8064 132.558 6945.61 7024.6 7024.78 
0.173441 36.1588 36.3828 151.965 6928.66 7018.93 7019.12 
0.185004 41.0234 41.2509 172.67 6910.67 7012.92 7013.11 
0.196566 46.1751 46.4062 194.666 6891.69 7006.57 7006.76 
0.208129 51.609 51.8438 217.944 6871.73 6999.88 7000.08 
0.219692 57.3198 57.5586 242.492 6850.83 6992.87 6993.08 
0.231255 63.3023 63.545 268.302 6829.02 6985.55 6985.76 
0.242817 69.5508 69.7976 295.361 6806.32 6977.92 6978.14 
0.254380 76.0595 76.3104 323.657 6782.76 6970 6970.22 
0.265943 82.8222 83.0774 353.177 6758.39 6961.79 6962.02 
0.277505 89.8328 90.0921 383.908 6733.23 6953.31 6953.54 
0.289068 97.0846 97.3482 415.835 6707.31 6944.56 6944.8 
0.300631 104.571 104.839 448.942 6680.67 6935.56 6935.81 
0.312194 112.285 112.557 483.212 6653.35 6926.32 6926.57 
0.323756 120.22 120.496 518.629 6625.36 6916.85 6917.1 
0.335319 128.367 128.648 555.173 6596.76 6907.16 6907.41 
0.346882 136.721 137.006 592.826 6567.57 6897.26 6897.52 
0.358445 145.273 145.561 631.567 6537.83 6887.16 6887.43 
0.370007 154.015 154.308 671.374 6507.56 6876.88 6877.15 
0.381570 162.939 163.236 712.225 6476.81 6866.43 6866.71 
0.393133 172.038 172.339 754.096 6445.6 6855.82 6856.1 
0.404695 181.303 181.607 796.964 6413.97 6845.06 6845.34 
0.416258 190.726 191.033 840.802 6381.95 6834.16 6834.45 
0.427821 200.297 200.608 885.583 6349.57 6823.14 6823.44 
0.439384 210.01 210.324 931.281 6316.85 6812.01 6812.31 
0.450946 219.854 220.171 977.866 6283.84 6800.77 6801.08 
0.462509 229.82 230.141 1025.31 6250.55 6789.45 6789.76 
0.474072 239.901 240.224 1073.58 6217.01 6778.06 6778.37 
0.485634 250.087 250.412 1122.64 6183.25 6766.6 6766.91 
0.497197 260.368 260.695 1172.47 6149.3 6755.08 6755.4 
0.508760 270.735 271.065 1223.03 6115.18 6743.53 6743.85 
0.520323 281.179 281.511 1274.28 6080.91 6731.95 6732.27 
0.531885 291.69 292.024 1326.19 6046.52 6720.35 6720.68 
0.543448 302.259 302.594 1378.73 6012.02 6708.74 6709.07 
0.555011 312.876 313.213 1431.85 5977.44 6697.14 6697.47 
0.566574 323.532 323.869 1485.52 5942.79 6685.56 6685.89 
0.578136 334.216 334.554 1539.7 5908.09 6674 6674.33 
0.589699 344.919 345.258 1594.36 5873.36 6662.48 6662.81 
0.601262 355.631 355.97 1649.45 5838.61 6651.01 6651.34 
0.612824 366.341 366.68 1704.93 5803.86 6639.6 6639.93 
0.624387 377.04 377.379 1760.77 5769.11 6628.26 6628.59 
0.635950 387.718 388.056 1816.92 5734.38 6617 6617.33 
0.647513 398.363 398.702 1873.35 5699.67 6605.82 6606.15 
0.659075 408.967 409.305 1930.01 5665 6594.75 6595.08 
0.670638 419.519 419.856 1986.87 5630.37 6583.78 6584.11 
0.682201 430.009 430.345 2043.88 5595.78 6572.94 6573.26 
0.693764 440.426 440.76 2101 5561.25 6562.22 6562.54 
0.705326 450.76 451.093 2158.2 5526.77 6551.64 6551.96 
0.716889 461.001 461.332 2215.43 5492.34 6541.2 6541.52 
0.728452 471.138 471.467 2272.66 5457.97 6530.92 6531.24 
0.740014 481.161 481.488 2329.84 5423.65 6520.8 6521.11 
0.751577 491.06 491.385 2386.95 5389.38 6510.85 6511.16 
0.763140 500.824 501.147 2443.94 5355.17 6501.08 6501.39 
0.774703 510.444 510.764 2500.78 5320.99 6491.5 6491.81 
0.786265 519.909 520.226 2557.43 5286.86 6482.11 6482.42 
0.797828 529.208 529.523 2613.86 5252.76 6472.93 6473.23 
0.809391 538.333 538.644 2670.04 5218.68 6463.96 6464.26 
0.820954 547.272 547.581 2725.93 5184.62 6455.21 6455.5 
0.832516 556.016 556.322 2781.51 5150.56 6446.68 6446.97 
0.844079 564.556 564.859 2836.74 5116.5 6438.38 6438.67 
0.855642 572.881 573.181 2891.6 5082.43 6430.33 6430.61 
0.867204 580.982 581.279 2946.07 5048.32 6422.51 6422.79 
0.878767 588.85 589.144 3000.11 5014.17 6414.95 6415.22 
0.890330 596.476 596.767 3053.71 4979.96 6407.65 6407.92 
0.901893 603.851 604.138 3106.84 4945.69 6400.61 6400.87 
0.913455 610.965 611.249 3159.49 4911.32 6393.84 6394.1 
0.925018 617.811 618.092 3211.63 4876.85 6387.35 6387.6 
0.936581 624.379 624.658 3263.25 4842.26 6381.14 6381.39 
0.948144 630.663 630.939 3314.35 4807.53 6375.21 6375.46 
0.959706 636.655 636.927 3364.89 4772.64 6369.58 6369.82 
0.971269 642.346 642.616 3414.88 4737.58 6364.24 6364.47 
0.982832 647.73 647.997 3464.3 4702.32 6359.2 6359.43 
0.994394 652.8 653.065 3513.15 4666.85 6354.46 6354.69 
1.005957 657.55 657.812 3561.43 4631.15 6350.04 6350.26 
1.017520 661.973 662.233 3609.12 4595.19 6345.92 6346.14 
1.029083 666.064 666.322 3656.22 4558.96 6342.13 6342.34 
1.040645 669.818 670.074 3702.74 4522.44 6338.65 6338.86 
1.052208 673.229 673.483 3748.68 4485.6 6335.49 6335.7 
1.063771 676.293 676.546 3794.04 4448.44 6332.66 6332.87 
1.075334 679.007 679.258 3838.83 4410.92 6330.15 6330.36 
1.086896 681.366 681.615 3883.04 4373.03 6327.98 6328.18 
1.098459 683.367 683.616 3926.69 4334.75 6326.13 6326.34 
1.110022 685.008 685.256 3969.79 4296.06 6324.62 6324.83 
1.121584 686.287 686.534 4012.34 4256.94 6323.45 6323.65 
1.133147 687.202 687.448 4054.36 4217.38 6322.61 6322.81 
1.144710 687.751 687.997 4095.86 4177.36 6322.1 6322.3 
1.156273 687.934 688.18 4136.6 4137.11 6321.93 6322.13 
1.165414 687.98 688.226 4126.44 4146.82 6322.2 6322.4 
1.174555 688.116 688.362 4115.59 4156.33 6323 6323.2 
1.183696 688.343 688.59 4104.3 4165.38 6324.32 6324.52 
1.192837 688.657 688.91 4092.6 4173.96 6326.17 6326.37 
1.201978 689.053 689.327 4080.49 4182.08 6328.53 6328.74 
1.211119 689.519 689.851 4067.98 4189.73 6331.4 6331.63 
1.220261 690.048 690.487 4055.1 4196.92 6334.76 6335.02 
1.229402 690.633 691.237 4041.86 4203.65 6338.6 6338.91 
1.238543 691.272 692.103 4028.27 4209.93 6342.9 6343.29 
1.247684 691.96 693.085 4014.36 4215.76 6347.64 6348.14 
1.256825 692.693 694.182 4000.15 4221.15 6352.81 6353.46 
1.265966 693.466 695.395 3985.64 4226.11 6358.39 6359.22 
1.275107 694.275 696.724 3970.88 4230.66 6364.35 6365.42 
1.284249 695.114 698.17 3955.87 4234.8 6370.68 6372.03 
1.293390 695.977 699.732 3940.64 4238.54 6377.34 6379.04 
1.302531 696.858 701.411 3925.21 4241.91 6384.32 6386.43 
1.311672 697.752 703.207 3909.6 4244.92 6391.59 6394.19 
1.320813 698.653 705.118 3893.84 4247.58 6399.12 6402.29 
1.329954 699.553 707.144 3877.94 4249.92 6406.88 6410.71 
1.339095 700.448 709.284 3861.94 4251.94 6414.85 6419.44 
1.348236 701.331 711.537 3845.85 4253.67 6423 6428.46 
1.357378 702.196 713.9 3829.7 4255.13 6431.3 6437.75 
1.366519 703.036 716.373 3813.5 4256.33 6439.72 6447.29 
1.375660 703.846 718.953 3797.29 4257.3 6448.22 6457.06 
1.384801 704.618 721.639 3781.08 4258.05 6456.8 6467.04 
1.393942 705.348 724.426 3764.89 4258.6 6465.4 6477.21 
1.403083 706.028 727.314 3748.75 4258.98 6474.02 6487.55 
1.412224 706.652 730.299 3732.67 4259.19 6482.61 6498.05 
1.421366 707.216 733.377 3716.68 4259.27 6491.15 6508.68 
1.430507 707.712 736.546 3700.8 4259.22 6499.61 6519.43 
1.439648 708.135 739.801 3685.05 4259.07 6507.97 6530.27 
1.448789 708.481 743.139 3669.44 4258.83 6516.2 6541.2 
1.457930 708.742 746.557 3654 4258.52 6524.28 6552.19 
1.467071 708.916 750.049 3638.74 4258.15 6532.18 6563.22 
1.476212 708.995 753.611 3623.68 4257.76 6539.88 6574.28 
1.485354 708.977 757.24 3608.85 4257.34 6547.36 6585.35 
1.494495 708.856 760.929 3594.24 4256.91 6554.59 6596.42 
1.503636 708.629 764.675 3579.89 4256.49 6561.56 6607.46 
1.512777 708.292 768.471 3565.8 4256.1 6568.25 6618.47 
1.521918 707.842 772.313 3551.99 4255.74 6574.63 6629.42 
1.531059 707.275 776.196 3538.48 4255.43 6580.69 6640.31 
1.540200 706.59 780.114 3525.27 4255.18 6586.42 6651.11 
1.549342 705.785 784.062 3512.39 4255 6591.8 6661.82 
1.558483 704.857 788.033 3499.85 4254.9 6596.81 6672.42 
1.567624 703.805 792.022 3487.64 4254.89 6601.45 6682.9 
1.576765 702.63 796.024 3475.8 4254.99 6605.69 6693.24 
1.585906 701.33 800.031 3464.32 4255.19 6609.54 6703.43 
1.595047 699.906 804.039 3453.22 4255.51 6612.98 6713.46 
1.604188 698.359 808.041 3442.51 4255.96 6616.01 6723.32 
1.613329 696.691 812.032 3432.19 4256.53 6618.62 6732.99 
1.622471 694.902 816.004 3422.27 4257.23 6620.79 6742.47 
1.631612 692.996 819.953 3412.77 4258.08 6622.54 6751.75 
1.640753 690.976 823.871 3403.68 4259.07 6623.85 6760.81 
1.649894 688.845 827.754 3395.01 4260.2 6624.73 6769.64 
1.659035 686.607 831.595 3386.77 4261.48 6625.16 6778.25 
1.668176 684.266 835.388 3378.96 4262.91 6625.17 6786.61 
1.677317 681.829 839.127 3371.59 4264.48 6624.74 6794.72 
1.686459 679.301 842.807 3364.66 4266.2 6623.87 6802.57 
1.695600 676.687 846.422 3358.17 4268.07 6622.59 6810.16 
1.704741 673.994 849.966 3352.13 4270.09 6620.88 6817.47 
1.713882 671.23 853.433 3346.53 4272.24 6618.76 6824.5 
1.723023 668.403 856.819 3341.37 4274.53 6616.23 6831.25 
1.732164 665.519 860.119 3336.67 4276.95 6613.31 6837.7 
1.741305 662.587 863.326 3332.42 4279.49 6610.01 6843.86 
1.750447 659.617 866.437 3328.61 4282.16 6606.33 6849.72 
1.759588 656.617 869.446 3325.25 4284.93 6602.29 6855.27 
1.768729 653.596 872.35 3322.33 4287.8 6597.91 6860.51 
1.777870 650.565 875.143 3319.86 4290.76 6593.19 6865.44 
1.787011 647.532 877.822 3317.82 4293.81 6588.17 6870.05 
1.796152 644.509 880.382 3316.23 4296.92 6582.85 6874.34 
1.805293 641.505 882.82 3315.07 4300.08 6577.25 6878.3 
1.814435 638.531 885.133 3314.35 4303.29 6571.4 6881.94 
1.823576 635.597 887.316 3314.05 4306.52 6565.32 6885.26 
1.832717 632.714 889.368 3314.18 4309.76 6559.02 6888.25 
1.841858 629.892 891.284 3314.73 4312.99 6552.54 6890.91 
1.850999 627.141 893.063 3315.7 4316.2 6545.89 6893.24 
1.860140 624.473 894.702 3317.08 4319.37 6539.11 6895.24 
1.869281 621.898 896.198 3318.86 4322.47 6532.22 6896.92 
1.878422 619.426 897.55 3321.05 4325.49 6525.24 6898.27 
1.887564 617.066 898.756 3323.64 4328.41 6518.2 6899.29 
1.896705 614.829 899.815 3326.62 4331.2 6511.14 6899.99 
1.905846 612.725 900.725 3329.98 4333.84 6504.08 6900.37 
1.914987 610.762 901.485 3333.72 4336.3 6497.06 6900.42 
1.924128 608.95 902.095 3337.84 4338.57 6490.1 6900.16 
1.933269 607.298 902.553 3342.33 4340.62 6483.23 6899.58 
1.942410 605.814 902.859 3347.19 4342.42 6476.49 6898.7 
1.951552 604.506 903.013 3352.4 4343.96 6469.91 6897.51 
1.960693 603.382 903.015 3357.96 4345.19 6463.52 6896.01 
1.969834 602.448 902.866 3363.88 4346.11 6457.35 6894.22 
1.978975 601.712 902.564 3370.13 4346.68 6451.43 6892.13 
1.988116 601.181 902.112 3376.71 4346.88 6445.79 6889.76 
1.997257 600.859 901.509 3383.63 4346.69 6440.46 6887.1 
2.006398 600.752 900.757 3390.87 4346.07 6435.48 6884.17 
2.015540 600.865 899.856 3398.42 4345.02 6430.87 6880.96 
2.024681 601.202 898.807 3406.29 4343.5 6426.65 6877.49 
2.033822 601.767 897.613 3414.46 4341.5 6422.85 6873.77 
2.042963 602.564 896.273 3422.93 4339 6419.5 6869.79 
2.052104 603.593 894.791 3431.69 4335.97 6416.63 6865.57 
2.061245 604.859 893.167 3440.74 4332.41 6414.24 6861.12 
2.070386 606.362 891.403 3450.07 4328.29 6412.36 6856.44 
2.082650 601.428 896.653 3421.65 4341.77 6417.26 6870.36 
2.094915 596.359 901.374 3393.22 4355.84 6422.25 6883.36 
2.107179 591.155 905.534 3364.78 4370.5 6427.33 6895.42 
2.119443 585.818 909.102 3336.33 4385.76 6432.49 6906.5 
2.131707 580.349 912.053 3307.86 4401.63 6437.73 6916.6 
2.143971 574.749 914.362 3279.36 4418.1 6443.05 6925.7 
2.156235 569.021 916.007 3250.82 4435.2 6448.46 6933.81 
2.168499 563.166 916.971 3222.22 4452.92 6453.94 6940.91 
2.180763 557.186 917.236 3193.56 4471.26 6459.5 6947.01 
2.193028 551.082 916.791 3164.81 4490.24 6465.13 6952.12 
2.205292 544.858 915.626 3135.95 4509.84 6470.84 6956.25 
2.217556 538.515 913.733 3106.96 4530.07 6476.63 6959.42 
2.229820 532.055 911.11 3077.82 4550.93 6482.49 6961.65 
2.242084 525.481 907.754 3048.48 4572.43 6488.42 6962.96 
2.254348 518.795 903.667 3018.94 4594.54 6494.44 6963.38 
2.266612 512 898.854 2989.16 4617.28 6500.52 6962.96 
2.278876 505.099 893.322 2959.1 4640.64 6506.69 6961.71 
2.291141 498.095 887.08 2928.75 4664.62 6512.93 6959.69 
2.303405 490.99 880.141 2898.06 4689.2 6519.25 6956.95 
2.315669 483.788 872.517 2867 4714.39 6525.64 6953.51 
2.327933 476.491 864.226 2835.54 4740.18 6532.12 6949.44 
2.340197 469.104 855.286 2803.65 4766.56 6538.67 6944.79 
2.352461 461.63 845.716 2771.3 4793.52 6545.31 6939.62 
2.364725 454.072 835.539 2738.45 4821.05 6552.03 6933.97 
2.376989 446.434 824.777 2705.08 4849.15 6558.83 6927.91 
2.389254 438.72 813.455 2671.14 4877.81 6565.71 6921.5 
2.401518 430.933 801.598 2636.63 4907.02 6572.68 6914.79 
2.413782 423.078 789.234 2601.5 4936.77 6579.74 6907.85 
2.426046 415.16 776.39 2565.73 4967.05 6586.88 6900.74 
2.438310 407.181 763.094 2529.31 4997.85 6594.11 6893.52 
2.450574 399.147 749.374 2492.21 5029.16 6601.43 6886.24 
2.462838 391.062 735.261 2454.42 5060.97 6608.83 6878.98 
2.475102 382.931 720.784 2415.91 5093.27 6616.32 6871.78 
2.487367 374.758 705.973 2376.69 5126.04 6623.9 6864.7 
2.499631 366.548 690.858 2336.75 5159.28 6631.57 6857.79 
2.511895 358.305 675.469 2296.08 5192.97 6639.32 6851.11 
2.524159 350.036 659.835 2254.68 5227.1 6647.16 6844.7 
2.536423 341.744 643.986 2212.55 5261.66 6655.09 6838.61 
2.548687 333.436 627.951 2169.72 5296.63 6663.1 6832.88 
2.560951 325.115 611.76 2126.18 5331.99 6671.18 6827.55 
2.573215 316.788 595.44 2081.96 5367.74 6679.35 6822.66 
2.585480 308.459 579.019 2037.08 5403.86 6687.6 6818.23 
2.597744 300.134 562.525 1991.57 5440.32 6695.92 6814.3 
2.610008 291.819 545.984 1945.44 5477.11 6704.31 6810.89 
2.622272 283.518 529.421 1898.75 5514.22 6712.78 6808.01 
2.634536 275.238 512.863 1851.51 5551.62 6721.3 6805.69 
2.646800 266.984 496.333 1803.79 5589.29 6729.89 6803.94 
2.659064 258.76 479.854 1755.61 5627.21 6738.53 6802.76 
2.671328 250.574 463.449 1707.02 5665.35 6747.22 6802.16 
2.683592 242.431 447.14 1658.09 5703.7 6755.95 6802.14 
2.695857 234.336 430.947 1608.85 5742.22 6764.73 6802.71 
2.708121 226.294 414.891 1559.37 5780.89 6773.54 6803.84 
2.720385 218.312 398.99 1509.7 5819.68 6782.37 6805.54 
2.732649 210.395 383.263 1459.91 5858.57 6791.23 6807.8 
2.744913 202.549 367.726 1410.05 5897.51 6800.09 6810.59 
2.757177 194.779 352.395 1360.18 5936.49 6808.97 6813.91 
2.769441 187.09 337.286 1310.38 5975.45 6817.63 6817.94 
2.781705 179.489 322.414 1260.69 6014.38 6822.02 6826.71 
2.793970 171.981 307.791 1211.2 6053.24 6826.78 6835.55 
2.806234 164.571 293.43 1161.96 6091.98 6831.98 6844.36 
2.818498 157.265 279.344 1113.03 6130.57 6837.57 6853.13 
2.830762 150.068 265.542 1064.49 6168.97 6843.55 6861.86 
2.843026 142.985 252.035 1016.4 6207.14 6849.88 6870.54 
2.855290 136.022 238.833 968.811 6245.04 6856.53 6879.15 
2.867554 129.183 225.944 921.797 6282.63 6863.47 6887.68 
2.879818 122.474 213.375 875.416 6319.86 6870.67 6896.13 
2.892083 115.9 201.135 829.729 6356.69 6878.09 6904.48 
2.904347 109.466 189.228 784.794 6393.07 6885.71 6912.73 
2.916611 103.176 177.662 740.668 6428.96 6893.49 6920.86 
2.928875 97.0349 166.441 697.408 6464.32 6901.41 6928.87 
2.941139 91.0479 155.571 655.067 6499.09 6909.42 6936.73 
2.953403 85.2193 145.054 613.697 6533.24 6917.49 6944.45 
2.965667 79.5534 134.895 573.348 6566.71 6925.6 6952.02 
2.977931 74.0544 125.097 534.07 6599.45 6933.72 6959.41 
2.990196 68.7267 115.663 495.907 6631.43 6941.8 6966.63 
3.002460 63.5741 106.594 458.906 6662.6 6949.83 6973.65 
3.014724 58.6007 97.8926 423.108 6692.9 6957.77 6980.48 
3.026988 53.8101 89.5606 388.553 6722.3 6965.6 6987.1 
3.039252 49.2061 81.599 355.28 6750.75 6973.29 6993.5 
3.051516 44.7921 74.0088 323.326 6778.21 6980.8 6999.68 
3.063780 40.5716 66.7905 292.724 6804.63 6988.12 7005.61 
3.076044 36.5476 59.9446 263.507 6829.97 6995.22 7011.3 
3.088309 32.7234 53.4715 235.706 6854.2 7002.08 7016.74 
3.100573 29.1017 47.371 209.348 6877.27 7008.67 7021.91 
3.112837 25.6855 41.6433 184.461 6899.14 7014.97 7026.82 
3.125101 22.4772 36.288 161.069 6919.78 7020.96 7031.44 
3.137365 19.4793 31.3049 139.194 6939.16 7026.62 7035.78 
3.149629 16.6942 26.6936 118.859 6957.24 7031.94 7039.82 
3.161893 14.1239 22.4536 100.081 6973.99 7036.89 7043.57 
3.174157 11.7704 18.5845 82.8793 6989.38 7041.46 7047.01 
3.186422 9.63555 15.0859 67.2691 7003.39 7045.65 7050.14 
3.198686 7.72083 11.9572 53.2647 7015.99 7049.42 7052.95 
3.210950 6.02769 9.19787 40.8789 7027.16 7052.78 7055.45 
3.223214 4.55727 6.80762 30.1227 7036.88 7055.72 7057.62 
3.235478 3.31038 4.7861 21.0059 7045.13 7058.21 7059.47 
3.247742 2.28702 3.13337 13.5371 7051.91 7060.26 7060.98 
3.260006 1.4838 1.85177 7.72429 7057.19 7061.84 7062.18 
3.272270 0.853799 0.982258 3.57877 7060.96 7062.91 7063.11 
3.284535 0.311254 0.559211 1.15581 7063.18 7063.51 7063.76 
3.296799 -0.00505584 0.302271 0.599288 7063.59 7063.95 7064.06 
3.306812 0.385235 0.523427 0.741061 7063.42 7063.5 7063.91 
3.316826 0.664174 0.938864 2.306 7061.9 7063.09 7063.53 
3.326839 1.1209 1.39992 5.15256 7059.31 7062.46 7062.9 
3.336853 1.75949 2.03944 9.14209 7055.7 7061.58 7062.02 
3.346867 2.57965 2.85976 14.27 7051.05 7060.44 7060.89 
3.356880 3.58085 3.8608 20.5339 7045.4 7059.06 7059.5 
3.366894 4.76237 5.04198 27.9309 7038.73 7057.43 7057.87 
3.376908 6.12338 6.40252 36.4581 7031.07 7055.55 7056 
3.386921 7.66288 7.94146 46.1119 7022.42 7053.43 7053.88 
3.396935 9.37978 9.6577 56.8883 7012.81 7051.06 7051.51 
3.406948 11.2728 11.55 68.7828 7002.24 7048.46 7048.91 
3.416962 13.3406 13.617 81.79 6990.73 7045.62 7046.06 
3.426976 15.5817 15.8572 95.9043 6978.3 7042.54 7042.99 
3.436989 17.9944 18.269 111.119 6964.98 7039.22 7039.68 
3.447003 20.5769 20.8506 127.428 6950.77 7035.68 7036.14 
3.457016 23.3274 23.6 144.822 6935.71 7031.91 7032.37 
3.467030 26.2438 26.5153 163.294 6919.81 7027.92 7028.38 
3.477044 29.3239 29.5943 182.833 6903.11 7023.72 7024.17 
3.487057 32.5654 32.8347 203.431 6885.63 7019.29 7019.75 
3.497071 35.9658 36.2339 225.076 6867.4 7014.66 7015.12 
3.507085 39.5226 39.7895 247.755 6848.44 7009.82 7010.28 
3.517098 43.2331 43.4988 271.458 6828.78 7004.78 7005.24 
3.527112 47.0944 47.3588 296.169 6808.46 6999.54 7000.01 
3.537125 51.1035 51.3667 321.874 6787.51 6994.11 6994.58 
3.547139 55.2572 55.5192 348.557 6765.96 6988.49 6988.96 
3.557153 59.5524 59.8132 376.202 6743.84 6982.69 6983.17 
3.567166 63.9857 64.2451 404.791 6721.18 6976.72 6977.2 
3.577180 68.5534 68.8116 434.305 6698.03 6970.58 6971.05 
3.587193 73.252 73.509 464.723 6674.41 6964.27 6964.75 
3.597207 78.0776 78.3334 496.024 6650.37 6957.8 6958.28 
3.607221 83.0264 83.2809 528.186 6625.93 6951.18 6951.67 
3.617234 88.0941 88.3475 561.184 6601.14 6944.42 6944.91 
3.627248 93.2767 93.529 594.994 6576.03 6937.52 6938.01 
3.637262 98.5699 98.821 629.589 6550.63 6930.48 6930.97 
3.647275 103.969 104.219 664.941 6525 6923.32 6923.81 
3.657289 109.47 109.719 701.022 6499.15 6916.04 6916.53 
3.667302 115.067 115.315 737.801 6473.14 6908.64 6909.14 
3.677316 120.756 121.004 775.245 6446.99 6901.15 6901.65 
3.687330 126.533 126.779 813.323 6420.75 6893.55 6894.05 
3.697343 132.391 132.636 852 6394.45 6885.86 6886.37 
3.707357 138.326 138.571 891.239 6368.13 6878.09 6878.6 
3.717370 144.332 144.576 931.005 6341.82 6870.25 6870.76 
3.727384 150.404 150.648 971.258 6315.57 6862.33 6862.85 
3.737398 156.537 156.78 1011.96 6289.41 6854.36 6854.88 
3.747411 162.724 162.967 1053.07 6263.36 6846.33 6846.85 
3.757425 168.961 169.203 1094.54 6237.48 6838.26 6838.78 
3.767439 175.24 175.482 1136.34 6211.79 6830.15 6830.67 
3.777452 181.557 181.799 1178.41 6186.32 6822.01 6822.54 
3.787466 187.906 188.146 1220.71 6161.11 6813.85 6814.38 
3.797479 194.279 194.52 1263.2 6136.19 6805.68 6806.21 
3.807493 200.671 200.912 1305.83 6111.59 6797.5 6798.03 
3.817507 207.076 207.317 1348.55 6087.34 6789.32 6789.86 
3.827520 213.487 213.728 1391.32 6063.47 6781.16 6781.7 
3.837534 219.899 220.139 1434.07 6040 6773.01 6773.55 
3.847547 226.304 226.544 1476.77 6016.97 6764.89 6765.44 
3.857561 232.695 232.936 1519.36 5994.39 6756.8 6757.35 
3.867575 239.068 239.309 1561.79 5972.3 6748.76 6749.31 
3.877588 245.414 245.656 1604 5950.72 6740.77 6741.32 
3.887602 251.728 251.97 1645.96 5929.66 6732.83 6733.39 
3.897616 258.002 258.244 1687.6 5909.14 6724.96 6725.52 
3.907629 264.231 264.473 1728.88 5889.2 6717.17 6717.73 
3.917643 270.406 270.649 1769.75 5869.83 6709.46 6710.02 
3.927656 276.523 276.766 1810.14 5851.06 6701.84 6702.41 
3.937670 282.574 282.818 1850.03 5832.9 6694.31 6694.88 
3.947684 288.552 288.796 1889.34 5815.36 6686.89 6687.47 
3.957697 294.451 294.696 1928.05 5798.45 6679.59 6680.16 
3.967711 300.265 300.51 1966.09 5782.19 6672.4 6672.98 
3.977724 305.986 306.232 2003.42 5766.56 6665.34 6665.92 
3.987738 311.609 311.856 2040.01 5751.59 6658.41 6659 
3.997752 317.127 317.374 2075.79 5737.28 6651.63 6652.22 
4.007765 322.534 322.782 2110.74 5723.61 6645 6645.59 
4.017779 327.824 328.072 2144.81 5710.6 6638.52 6639.11 
4.027793 332.99 333.238 2177.96 5698.24 6632.2 6632.8 
4.037806 338.026 338.275 2210.16 5686.52 6626.05 6626.65 
4.047820 342.926 343.176 2241.37 5675.44 6620.08 6620.68 
4.057833 347.686 347.936 2271.55 5664.98 6614.28 6614.89 
4.067847 352.298 352.549 2300.68 5655.15 6608.68 6609.29 
4.077861 356.759 357.009 2328.73 5645.92 6603.27 6603.88 
4.087874 361.061 361.312 2355.67 5637.28 6598.05 6598.66 
4.097888 365.2 365.452 2381.48 5629.22 6593.04 6593.66 
4.107901 369.171 369.424 2406.13 5621.72 6588.24 6588.86 
4.117915 372.97 373.222 2429.61 5614.77 6583.66 6584.27 
4.127929 376.591 376.844 2451.89 5608.34 6579.29 6579.91 
4.137942 380.03 380.283 2472.96 5602.43 6575.15 6575.77 
4.147956 383.282 383.536 2492.8 5597 6571.23 6571.86 
4.157969 386.345 386.598 2511.41 5592.04 6567.55 6568.18 
4.167983 389.213 389.467 2528.76 5587.52 6564.11 6564.73 
4.177997 391.884 392.138 2544.86 5583.44 6560.9 6561.53 
4.188010 394.353 394.608 2559.69 5579.77 6557.94 6558.57 
4.198024 396.619 396.874 2573.25 5576.49 6555.23 6555.86 
4.208038 398.678 398.932 2585.53 5573.58 6552.76 6553.39 
4.218051 400.526 400.781 2596.52 5571.03 6550.55 6551.18 
4.228065 402.163 402.419 2606.23 5568.82 6548.59 6549.22 
4.238078 403.586 403.842 2614.65 5566.94 6546.89 6547.52 
4.248092 404.794 405.049 2621.78 5565.36 6545.45 6546.08 
4.258106 405.783 406.039 2627.61 5564.09 6544.26 6544.9 
4.268119 406.555 406.81 2632.15 5563.12 6543.34 6543.98 
4.278133 407.106 407.362 2635.39 5562.42 6542.68 6543.32 
4.288146 407.437 407.693 2637.33 5562.01 6542.29 6542.93 
4.298160 407.548 407.803 2637.98 5561.87 6542.16 6542.79 
