# 0.000000 1.418028 2.127043 3.356321 4.027745 G K M G A
0.000000 0.0021451 0.0425723 0.097753 424.416 424.556 1649.91 
0.014180 0.132485 0.155803 0.649672 424.694 425.041 1649.9 
0.028361 0.399548 0.603789 2.32001 425.526 426.494 1649.89 
0.042541 0.846109 1.3535 5.09575 426.913 428.91 1649.87 
0.056721 1.48231 2.40271 8.96333 428.857 432.277 1649.84 
0.070901 2.31905 3.75079 13.9042 431.361 436.58 1649.8 
0.085082 3.36952 5.39704 19.8948 434.428 441.799 1649.75 
0.099262 4.64891 7.34057 26.9062 438.062 447.914 1649.68 
0.113442 6.17386 9.58038 34.9048 442.268 454.898 1649.59 
0.127623 7.96204 12.1153 43.8518 447.051 462.726 1649.49 
0.141803 10.0316 14.9439 53.704 452.419 471.368 1649.35 
0.155983 12.4009 18.0647 64.4135 458.377 480.794 1649.19 
0.170163 15.0879 21.4761 75.928 464.936 490.972 1648.99 
0.184344 18.1098 25.1762 88.1914 472.104 501.872 1648.75 
0.198524 21.4828 29.163 101.144 479.891 513.461 1648.46 
0.212704 25.222 33.4342 114.721 488.307 525.706 1648.13 
0.226885 29.341 37.9874 128.859 497.364 538.576 1647.74 
0.241065 33.8518 42.8203 143.487 507.071 552.039 1647.29 
0.255245 38.7646 47.9299 158.537 517.441 566.062 1646.77 
0.269425 44.088 53.3133 173.938 528.482 580.617 1646.18 
0.283606 49.8287 58.9676 189.618 540.203 595.67 1645.5 
0.297786 55.9915 64.8894 205.508 552.611 611.194 1644.73 
0.311966 62.5796 71.0752 221.54 565.708 627.157 1643.87 
0.326147 69.5943 77.5214 237.651 579.494 643.532 1642.91 
0.340327 77.0351 84.2241 253.779 593.965 660.288 1641.84 
0.354507 84.8999 91.1794 269.868 609.11 677.399 1640.65 
0.368687 93.1853 98.3831 285.871 624.914 694.835 1639.33 
0.382868 101.886 105.831 301.743 641.356 712.57 1637.88 
0.397048 110.995 113.518 317.449 658.407 730.575 1636.3 
0.411228 120.505 121.44 332.959 676.033 748.824 1634.57 
0.425408 129.592 130.407 348.251 694.196 767.289 1632.68 
0.439589 137.969 140.689 363.308 712.849 785.944 1630.63 
0.453769 146.566 151.342 378.12 731.944 804.761 1628.42 
0.467949 155.377 162.352 392.682 751.428 823.713 1626.03 
0.482130 164.398 173.706 406.991 771.247 842.774 1623.46 
0.496310 173.622 185.391 421.049 791.343 861.916 1620.7 
0.510490 183.044 197.392 434.86 811.66 881.111 1617.75 
0.524670 192.659 209.693 448.43 832.141 900.334 1614.6 
0.538851 202.459 222.279 461.765 852.729 919.555 1611.25 
0.553031 212.441 235.133 474.873 873.371 938.748 1607.68 
0.567211 222.597 248.241 487.76 894.014 957.884 1603.9 
0.581392 232.922 261.584 500.433 914.607 976.937 1599.9 
0.595572 243.41 275.147 512.9 935.103 995.877 1595.68 
0.609752 254.054 288.912 525.165 955.456 1014.68 1591.22 
0.623932 264.849 302.863 537.234 975.626 1033.31 1586.54 
0.638113 275.788 316.983 549.111 995.571 1051.74 1581.61 
0.652293 286.867 331.255 560.799 1015.26 1069.95 1576.45 
0.666473 298.078 345.665 572.301 1034.65 1087.91 1571.05 
0.680654 309.416 360.194 583.619 1053.71 1105.58 1565.4 
0.694834 320.876 374.828 594.754 1072.43 1122.94 1559.51 
0.709014 332.451 389.551 605.706 1090.76 1139.97 1553.37 
0.723194 344.136 404.347 616.475 1108.7 1156.63 1546.98 
0.737375 355.926 419.203 627.061 1126.2 1172.9 1540.35 
0.751555 367.815 434.104 637.462 1143.27 1188.74 1533.46 
0.765735 379.799 449.036 647.677 1159.88 1204.15 1526.32 
0.779916 391.872 463.986 657.704 1176.02 1219.08 1518.93 
0.794096 404.029 478.94 667.542 1191.67 1233.51 1511.3 
0.808276 416.267 493.886 677.187 1206.82 1247.42 1503.41 
0.822456 428.581 508.812 686.638 1221.47 1260.79 1495.28 
0.836637 440.967 523.706 695.891 1235.61 1273.6 1486.91 
0.850817 453.421 538.556 704.944 1249.23 1285.81 1478.29 
0.864997 465.938 553.353 713.795 1262.33 1297.42 1469.43 
0.879178 478.517 568.084 722.441 1274.91 1308.4 1460.33 
0.893358 491.153 582.74 730.88 1286.97 1318.73 1451 
0.907538 503.845 597.311 739.109 1298.5 1328.4 1441.44 
0.921718 516.588 611.786 747.126 1309.51 1337.4 1431.65 
0.935899 529.381 626.156 754.93 1320 1345.71 1421.63 
0.950079 542.221 640.411 762.519 1329.99 1353.32 1411.4 
0.964259 555.107 654.541 769.891 1339.46 1360.23 1400.95 
0.978440 568.037 668.536 777.047 1348.44 1366.42 1390.29 
0.992620 581.01 682.387 783.985 1356.93 1371.88 1379.42 
1.006800 594.023 696.084 790.706 1364.93 1368.35 1376.63 
1.020980 607.076 709.615 797.211 1357.09 1372.47 1380.66 
1.035161 620.168 722.969 803.502 1345.63 1379.54 1383.96 
1.049341 633.299 736.134 809.58 1333.99 1386.17 1386.56 
1.063521 646.467 749.098 815.448 1322.18 1388.44 1392.37 
1.077701 659.672 761.848 821.11 1310.18 1389.63 1398.14 
1.091882 672.915 774.367 826.57 1298.03 1390.14 1403.51 
1.106062 686.194 786.639 831.834 1285.71 1389.99 1408.49 
1.120242 699.509 798.646 836.908 1273.24 1389.19 1413.09 
1.134423 712.861 810.368 841.8 1260.63 1387.79 1417.34 
1.148603 726.25 821.782 846.517 1247.87 1385.8 1421.24 
1.162783 739.674 832.862 851.069 1234.99 1383.26 1424.81 
1.176963 753.134 843.579 855.467 1221.97 1380.21 1428.07 
1.191144 766.63 853.902 859.721 1208.84 1376.69 1431.03 
1.205324 780.162 863.785 863.852 1195.6 1372.77 1433.72 
1.219504 793.728 867.851 873.211 1182.26 1368.49 1436.14 
1.233685 807.329 871.755 882.11 1168.82 1363.91 1438.31 
1.247865 820.964 875.571 890.438 1155.3 1359.12 1440.25 
1.262045 834.631 879.317 898.139 1141.7 1354.18 1441.96 
1.276225 848.33 883.01 905.149 1128.03 1349.19 1443.47 
1.290406 862.059 886.667 911.401 1114.29 1344.22 1444.79 
1.304586 875.816 890.307 916.822 1100.5 1339.39 1445.93 
1.318766 889.6 893.949 921.338 1086.67 1334.79 1446.9 
1.332947 897.613 903.407 924.873 1072.8 1330.52 1447.71 
1.347127 901.319 917.235 927.353 1058.91 1326.68 1448.38 
1.361307 905.086 928.711 931.082 1045 1323.37 1448.9 
1.375487 908.935 928.889 944.942 1031.07 1320.68 1449.3 
1.389668 912.886 927.843 958.813 1017.15 1318.67 1449.58 
1.403848 916.957 925.547 972.689 1003.24 1317.41 1449.75 
1.418028 921.168 921.994 986.562 989.353 1316.93 1449.81 
1.425118 919.02 923.981 980.242 995.677 1317.05 1449.79 
1.432209 916.391 926.187 973.363 1002.57 1317.37 1449.76 
1.439299 913.453 928.446 966.466 1009.48 1317.89 1449.69 
1.446389 910.218 930.753 959.572 1016.4 1318.6 1449.61 
1.453479 906.696 933.111 952.687 1023.32 1319.51 1449.5 
1.460569 902.895 935.519 945.815 1030.24 1320.6 1449.37 
1.467659 898.824 937.978 938.958 1037.15 1321.87 1449.22 
1.474749 894.495 932.114 940.494 1044.05 1323.32 1449.05 
1.481840 889.916 925.289 943.065 1050.95 1324.94 1448.86 
1.488930 885.099 918.483 945.693 1057.83 1326.73 1448.65 
1.496020 880.056 911.697 948.38 1064.71 1328.66 1448.42 
1.503110 874.797 904.933 951.127 1071.58 1330.75 1448.17 
1.510200 869.334 898.191 953.935 1078.43 1332.97 1447.9 
1.517290 863.679 891.474 956.806 1085.27 1335.33 1447.61 
1.524381 857.844 884.782 959.74 1092.1 1337.8 1447.3 
1.531471 851.839 878.117 962.739 1098.91 1340.4 1446.98 
1.538561 845.676 871.48 965.804 1105.7 1343.1 1446.63 
1.545651 839.366 864.872 968.934 1112.48 1345.91 1446.27 
1.552741 832.92 858.296 972.131 1119.23 1348.8 1445.89 
1.559831 826.349 851.752 975.395 1125.97 1351.79 1445.5 
1.566921 819.664 845.242 978.726 1132.68 1354.85 1445.08 
1.574012 812.873 838.766 982.125 1139.37 1357.98 1444.65 
1.581102 805.987 832.327 985.591 1146.04 1361.19 1444.2 
1.588192 799.016 825.926 989.125 1152.68 1364.45 1443.74 
1.595282 791.969 819.563 992.726 1159.29 1367.76 1443.25 
1.602372 784.854 813.242 996.395 1165.87 1371.13 1442.75 
1.609462 777.68 806.962 1000.13 1172.43 1374.53 1442.24 
1.616553 770.456 800.725 1003.93 1178.95 1377.98 1441.7 
1.623643 763.189 794.533 1007.8 1185.43 1381.46 1441.15 
1.630733 755.888 788.387 1011.73 1191.88 1384.96 1440.58 
1.637823 748.559 782.288 1015.72 1198.3 1388.49 1440 
1.644913 741.211 776.238 1019.78 1204.68 1392.04 1439.39 
1.652003 733.849 770.238 1023.9 1211.01 1395.61 1438.77 
1.659093 726.482 764.29 1028.08 1217.31 1399.18 1438.14 
1.666184 719.114 758.394 1032.31 1223.56 1402.77 1437.48 
1.673274 711.753 752.553 1036.61 1229.76 1406.35 1436.81 
1.680364 704.405 746.767 1040.96 1235.92 1409.94 1436.12 
1.687454 697.075 741.039 1045.36 1242.04 1413.53 1435.41 
1.694544 689.769 735.368 1049.81 1248.1 1417.11 1434.68 
1.701634 682.492 729.758 1054.32 1254.11 1420.68 1433.94 
1.708724 675.251 724.208 1058.87 1260.06 1424.24 1433.17 
1.715815 668.05 718.721 1063.47 1265.96 1427.78 1432.39 
1.722905 660.893 713.298 1068.11 1271.8 1431.26 1431.63 
1.729995 653.786 707.94 1072.79 1277.59 1430.76 1434.82 
1.737085 646.734 702.648 1077.5 1283.31 1429.92 1438.3 
1.744175 639.74 697.424 1082.26 1288.97 1429.07 1441.76 
1.751265 632.81 692.269 1087.04 1294.57 1428.19 1445.2 
1.758356 625.947 687.185 1091.86 1300.1 1427.29 1448.6 
1.765446 619.155 682.172 1096.71 1305.56 1426.37 1451.97 
1.772536 612.438 677.232 1101.58 1310.96 1425.42 1455.31 
1.779626 605.801 672.367 1106.47 1316.28 1424.46 1458.62 
1.786716 599.246 667.577 1111.38 1321.53 1423.48 1461.88 
1.793806 592.778 662.864 1116.3 1326.7 1422.47 1465.11 
1.800896 586.399 658.229 1121.24 1331.8 1421.44 1468.29 
1.807987 580.114 653.673 1126.19 1336.81 1420.39 1471.43 
1.815077 573.924 649.197 1131.14 1341.75 1419.32 1474.53 
1.822167 567.834 644.803 1136.1 1346.61 1418.22 1477.58 
1.829257 561.846 640.493 1141.06 1351.38 1417.1 1480.58 
1.836347 555.964 636.266 1146.02 1356.06 1415.95 1483.54 
1.843437 550.189 632.124 1150.96 1360.66 1414.79 1486.44 
1.850528 544.525 628.069 1155.9 1365.17 1413.59 1489.29 
1.857618 538.975 624.101 1160.83 1369.59 1412.37 1492.08 
1.864708 533.54 620.221 1165.74 1373.92 1411.13 1494.82 
1.871798 528.223 616.431 1170.64 1378.15 1409.85 1497.51 
1.878888 523.027 612.732 1175.51 1382.29 1408.56 1500.13 
1.885978 517.953 609.125 1180.35 1386.33 1407.23 1502.7 
1.893068 513.005 605.61 1185.16 1390.27 1405.88 1505.2 
1.900159 508.184 602.189 1189.95 1394.12 1404.5 1507.64 
1.907249 503.491 598.863 1194.69 1397.86 1403.1 1510.02 
1.914339 498.929 595.632 1199.4 1401.49 1401.66 1512.34 
1.921429 494.501 592.498 1204.07 1400.2 1405.03 1514.58 
1.928519 490.206 589.461 1208.69 1398.71 1408.45 1516.77 
1.935609 486.048 586.523 1213.26 1397.2 1411.77 1518.88 
1.942700 482.028 583.684 1217.78 1395.65 1414.99 1520.93 
1.949790 478.147 580.944 1222.24 1394.08 1418.09 1522.91 
1.956880 474.407 578.306 1226.65 1392.48 1421.08 1524.82 
1.963970 470.809 575.769 1230.98 1390.86 1423.96 1526.65 
1.971060 467.355 573.335 1235.26 1389.21 1426.72 1528.42 
1.978150 464.045 571.003 1239.46 1387.54 1429.37 1530.11 
1.985240 460.882 568.776 1243.58 1385.85 1431.91 1531.73 
1.992331 457.866 566.653 1247.62 1384.14 1434.32 1533.27 
1.999421 454.998 564.634 1251.58 1382.41 1436.62 1534.74 
2.006511 452.28 562.722 1255.44 1380.66 1438.8 1536.14 
2.013601 449.712 560.915 1259.21 1378.91 1440.87 1537.45 
2.020691 447.295 559.216 1262.87 1377.15 1442.81 1538.69 
2.027781 445.03 557.623 1266.42 1375.4 1444.63 1539.86 
2.034871 442.918 556.138 1269.85 1373.65 1446.32 1540.94 
2.041962 440.959 554.762 1273.14 1371.91 1447.9 1541.95 
2.049052 439.155 553.494 1276.29 1370.21 1449.35 1542.88 
2.056142 437.506 552.335 1279.28 1368.54 1450.68 1543.73 
2.063232 436.012 551.285 1282.09 1366.93 1451.88 1544.5 
2.070322 434.674 550.345 1284.71 1365.38 1452.96 1545.18 
2.077412 433.492 549.515 1287.11 1363.93 1453.91 1545.79 
2.084503 432.467 548.795 1289.28 1362.6 1454.73 1546.32 
2.091593 431.599 548.186 1291.18 1361.4 1455.43 1546.77 
2.098683 430.889 547.687 1292.79 1360.37 1456 1547.13 
2.105773 430.336 547.298 1294.07 1359.53 1456.45 1547.42 
2.112863 429.941 547.021 1295.01 1358.91 1456.77 1547.62 
2.119953 429.704 546.854 1295.58 1358.53 1456.96 1547.75 
2.127043 429.625 546.799 1295.78 1358.41 1457.02 1547.79 
2.139336 429.483 546.635 1295.61 1358.15 1457.12 1547.46 
2.151629 429.057 546.145 1295.12 1357.38 1457.42 1546.5 
2.163922 428.348 545.328 1294.29 1356.1 1457.91 1544.89 
2.176215 427.356 544.186 1293.13 1354.31 1458.6 1542.64 
2.188507 426.084 542.723 1291.64 1352.01 1459.48 1539.75 
2.200800 424.534 540.939 1289.82 1349.2 1460.56 1536.23 
2.213093 422.709 538.839 1287.67 1345.89 1461.81 1532.08 
2.225386 420.611 536.427 1285.19 1342.09 1463.26 1527.3 
2.237678 418.244 533.707 1282.37 1337.8 1464.88 1521.91 
2.249971 415.612 530.683 1279.22 1333.01 1466.67 1515.9 
2.262264 412.719 527.362 1275.74 1327.75 1468.64 1509.29 
2.274557 409.571 523.748 1271.92 1322.02 1470.76 1502.09 
2.286850 406.173 519.849 1267.76 1315.81 1473.05 1494.3 
2.299142 402.53 515.671 1263.26 1309.15 1475.48 1485.93 
2.311435 398.648 511.22 1258.42 1302.04 1477.01 1478.06 
2.323728 394.534 506.504 1253.23 1294.49 1467.54 1480.77 
2.336021 390.195 501.53 1247.68 1286.51 1457.53 1483.61 
2.348313 385.637 496.307 1241.78 1278.11 1447.01 1486.57 
2.360606 380.869 490.843 1235.5 1269.3 1436 1489.65 
2.372899 375.897 485.145 1228.86 1260.08 1424.5 1492.83 
2.385192 370.73 479.222 1221.82 1250.48 1412.56 1496.11 
2.397485 365.376 473.082 1214.38 1240.51 1400.18 1499.48 
2.409777 359.843 466.735 1206.54 1230.17 1387.4 1502.93 
2.422070 354.141 460.189 1198.26 1219.48 1374.25 1506.45 
2.434363 348.278 453.453 1189.53 1208.45 1360.76 1510.04 
2.446656 342.264 446.536 1180.33 1197.1 1346.96 1513.69 
2.458948 336.106 439.448 1170.63 1185.44 1332.9 1517.38 
2.471241 329.816 432.196 1160.41 1173.48 1318.61 1521.12 
2.483534 323.402 424.791 1149.64 1161.24 1304.13 1524.89 
2.495827 316.875 417.242 1138.29 1148.73 1289.51 1528.69 
2.508120 310.243 409.558 1126.34 1135.97 1274.8 1532.51 
2.520412 303.516 401.748 1113.74 1122.98 1260.03 1536.33 
2.532705 296.704 393.821 1100.49 1109.76 1245.26 1540.17 
2.544998 289.817 385.786 1086.55 1096.33 1230.5 1543.99 
2.557291 282.865 377.654 1071.92 1082.71 1215.8 1547.81 
2.569583 275.857 369.432 1056.58 1068.91 1201.18 1551.61 
2.581876 268.803 361.131 1040.55 1054.96 1186.65 1555.39 
2.594169 261.712 352.759 1023.83 1040.85 1172.22 1559.13 
2.606462 254.594 344.325 1006.44 1026.62 1157.88 1562.85 
2.618755 247.459 335.839 988.418 1012.28 1143.62 1566.52 
2.631047 240.314 327.309 969.791 997.833 1129.44 1570.14 
2.643340 233.171 318.744 950.599 983.306 1115.31 1573.71 
2.655633 226.037 310.154 930.884 968.712 1101.21 1577.22 
2.667926 218.921 301.546 910.69 954.066 1087.12 1580.67 
2.680218 211.831 292.931 890.059 939.383 1073.02 1584.06 
2.692511 204.777 284.315 869.035 924.678 1058.88 1587.37 
2.704804 197.765 275.709 847.659 909.967 1044.7 1590.61 
2.717097 190.805 267.119 825.972 895.265 1030.46 1593.77 
2.729390 183.903 258.556 804.014 880.585 1016.14 1596.85 
2.741682 177.068 250.026 781.822 865.943 1001.73 1599.84 
2.753975 170.305 241.539 759.433 851.352 987.219 1602.75 
2.766268 163.622 233.101 736.882 836.827 972.612 1605.56 
2.778561 157.026 224.722 714.203 822.382 957.9 1608.29 
2.790853 150.522 216.408 691.428 808.031 943.082 1610.92 
2.803146 144.118 208.167 668.59 793.785 928.16 1613.46 
2.815439 137.817 200.007 645.719 779.66 913.136 1615.89 
2.827732 131.626 191.935 622.846 765.667 898.016 1618.24 
2.840025 125.55 183.957 600.001 751.819 882.807 1620.48 
2.852317 119.594 176.082 577.213 738.128 867.519 1622.63 
2.864610 113.761 168.316 554.511 724.607 852.16 1624.67 
2.876903 108.057 160.664 531.922 711.266 836.745 1626.62 
2.889196 102.484 153.135 509.475 698.118 821.287 1628.47 
2.901488 97.0467 145.733 487.197 685.173 805.8 1630.23 
2.913781 91.748 138.465 465.116 672.442 790.303 1631.89 
2.926074 86.5909 131.336 443.258 659.936 774.812 1633.45 
2.938367 81.5778 124.353 421.651 647.664 759.349 1634.93 
2.950660 76.7111 117.521 400.32 635.638 743.932 1636.31 
2.962952 71.9928 110.844 379.291 623.865 728.585 1637.6 
2.975245 67.4247 104.328 358.591 612.357 713.33 1638.81 
2.987538 63.008 97.9774 338.245 601.121 698.19 1639.93 
2.999831 58.7441 91.7969 318.278 590.166 683.191 1640.97 
3.012123 54.6338 85.7908 298.716 579.501 668.358 1641.93 
3.024416 50.6779 79.9632 279.581 569.134 653.717 1642.82 
3.036709 46.8766 74.3181 260.9 559.073 639.294 1643.64 
3.049002 43.2303 68.859 242.696 549.326 625.117 1644.38 
3.061295 39.7389 63.5896 224.991 539.899 611.213 1645.06 
3.073587 36.4022 58.5132 207.81 530.8 597.61 1645.68 
3.085880 33.2197 53.6327 191.174 522.037 584.335 1646.23 
3.098173 30.1909 48.9513 175.106 513.614 571.416 1646.73 
3.110466 27.315 44.4715 159.627 505.54 558.88 1647.18 
3.122758 24.5912 40.1959 144.757 497.819 546.754 1647.58 
3.135051 22.0183 36.127 130.518 490.457 535.066 1647.93 
3.147344 19.5952 32.2668 116.928 483.461 523.841 1648.25 
3.159637 17.3207 28.6174 104.006 476.835 513.105 1648.52 
3.171930 15.1936 25.1807 91.7712 470.584 502.882 1648.76 
3.184222 13.2124 21.9584 80.2397 464.714 493.198 1648.96 
3.196515 11.3757 18.9521 69.4283 459.228 484.074 1649.14 
3.208808 9.68221 16.1632 59.3524 454.131 475.532 1649.29 
3.221101 8.13043 13.5929 50.0267 449.427 467.594 1649.42 
3.233393 6.71901 11.2425 41.4648 445.12 460.278 1649.53 
3.245686 5.44662 9.1129 33.6791 441.212 453.603 1649.61 
3.257979 4.31196 7.20515 26.6813 437.707 447.584 1649.69 
3.270272 3.31386 5.52001 20.4818 434.608 442.237 1649.75 
3.282565 2.4512 4.05818 15.0898 431.917 437.576 1649.79 
3.294857 1.723 2.82026 10.5134 429.636 433.612 1649.83 
3.307150 1.12838 1.80676 6.75961 427.767 430.355 1649.86 
3.319443 0.666568 1.01809 3.83412 426.311 427.813 1649.88 
3.331736 0.336762 0.454649 1.74153 425.269 425.995 1649.9 
3.344028 0.11485 0.139161 0.486226 424.638 424.907 1649.9 
3.356321 0.0021451 0.0425723 0.097753 424.416 424.556 1649.91 
3.363035 0.0715947 0.128646 0.159529 424.395 424.534 1649.83 
3.369750 0.164754 0.221385 0.625394 424.33 424.469 1649.59 
3.376464 0.319262 0.375892 1.4022 424.222 424.362 1649.2 
3.383178 0.535427 0.592122 2.48903 424.072 424.211 1648.65 
3.389892 0.813201 0.869998 3.88504 423.878 424.017 1647.94 
3.396607 1.15249 1.20942 5.58925 423.641 423.78 1647.07 
3.403321 1.55318 1.61026 7.60042 423.361 423.499 1646.05 
3.410035 2.01512 2.07238 9.91711 423.038 423.176 1644.87 
3.416749 2.53814 2.59561 12.5377 422.672 422.81 1643.53 
3.423464 3.12206 3.17975 15.4602 422.263 422.401 1642.04 
3.430178 3.76667 3.82461 18.6827 421.811 421.949 1640.39 
3.436892 4.47173 4.52994 22.2028 421.317 421.454 1638.58 
3.443606 5.237 5.2955 26.0181 420.779 420.916 1636.62 
3.450321 6.06218 6.12099 30.1259 420.199 420.335 1634.5 
3.457035 6.947 7.00614 34.5233 419.576 419.712 1632.23 
3.463749 7.89112 7.95061 39.2071 418.911 419.046 1629.81 
3.470463 8.89422 8.95408 44.1743 418.202 418.337 1627.23 
3.477178 9.95592 10.0162 49.4213 417.452 417.586 1624.49 
3.483892 11.0759 11.1365 54.9446 416.659 416.793 1621.61 
3.490606 12.2536 12.3147 60.7403 415.823 415.957 1618.57 
3.497320 13.4888 13.5503 66.8046 414.945 415.078 1615.38 
3.504035 14.7809 14.8429 73.1333 414.026 414.158 1612.03 
3.510749 16.1296 16.192 79.7223 413.064 413.195 1608.54 
3.517463 17.5343 17.5972 86.567 412.059 412.19 1604.9 
3.524177 18.9945 19.0579 93.6631 411.014 411.144 1601.1 
3.530891 20.5097 20.5736 101.006 409.926 410.056 1597.16 
3.537606 22.0794 22.1438 108.59 408.796 408.925 1593.07 
3.544320 23.703 23.768 116.412 407.626 407.754 1588.83 
3.551034 25.38 25.4455 124.465 406.413 406.541 1584.45 
3.557748 27.1097 27.1757 132.746 405.16 405.286 1579.92 
3.564463 28.8916 28.9582 141.248 403.865 403.991 1575.24 
3.571177 30.725 30.7921 149.966 402.529 402.654 1570.43 
3.577891 32.6093 32.677 158.896 401.152 401.277 1565.46 
3.584605 34.5438 34.6121 168.031 399.735 399.859 1560.36 
3.591320 36.5278 36.5967 177.366 398.277 398.4 1555.11 
3.598034 38.5608 38.6303 186.896 396.778 396.901 1549.72 
3.604748 40.6419 40.712 196.614 395.24 395.362 1544.2 
3.611462 42.7704 42.8411 206.516 393.661 393.782 1538.53 
3.618177 44.9456 45.017 216.596 392.043 392.163 1532.73 
3.624891 47.1668 47.2388 226.847 390.385 390.505 1526.79 
3.631605 49.4333 49.5058 237.265 388.688 388.806 1520.72 
3.638319 51.7441 51.8172 247.843 386.951 387.069 1514.51 
3.645034 54.0986 54.1723 258.576 385.175 385.293 1508.16 
3.651748 56.4959 56.5703 269.457 383.361 383.478 1501.69 
3.658462 58.9352 59.0103 280.482 381.508 381.624 1495.08 
3.665176 61.4158 61.4914 291.644 379.617 379.732 1488.35 
3.671891 63.9367 64.013 302.938 377.688 377.802 1481.48 
3.678605 66.4971 66.5741 314.358 375.72 375.834 1474.49 
3.685319 69.0962 69.1738 325.899 373.716 373.829 1467.37 
3.692033 71.7332 71.8114 337.554 371.674 371.787 1460.12 
3.698747 74.407 74.4858 349.318 369.596 369.708 1452.75 
3.705462 77.1169 77.1964 361.187 367.48 367.592 1445.26 
3.712176 79.862 79.9421 365.329 365.439 373.153 1437.65 
3.718890 82.6413 82.722 363.141 363.251 385.212 1429.91 
3.725604 85.454 85.5353 360.918 361.027 397.359 1422.06 
3.732319 88.2991 88.381 358.659 358.768 409.588 1414.08 
3.739033 91.1757 91.2582 356.365 356.474 421.894 1405.99 
3.745747 94.083 94.1661 354.037 354.145 434.272 1397.79 
3.752461 97.0198 97.1035 351.674 351.781 446.717 1389.47 
3.759176 99.9854 100.07 349.277 349.384 459.224 1381.04 
3.765890 102.979 103.064 346.847 346.954 471.787 1372.49 
3.772604 105.999 106.084 344.383 344.49 484.403 1363.84 
3.779318 109.045 109.131 341.887 341.993 497.067 1355.07 
3.786033 112.116 112.203 339.359 339.464 509.773 1346.2 
3.792747 115.211 115.298 336.798 336.903 522.518 1337.22 
3.799461 118.329 118.416 334.206 334.311 535.297 1328.14 
3.806175 121.469 121.557 331.583 331.688 548.105 1318.95 
3.812890 124.63 124.718 328.93 329.034 560.939 1309.65 
3.819604 127.811 127.9 326.246 326.35 573.795 1300.26 
3.826318 131.011 131.101 323.533 323.636 586.668 1290.76 
3.833032 134.23 134.32 320.791 320.894 599.554 1281.17 
3.839746 137.465 137.556 318.019 318.122 612.451 1271.47 
3.846461 140.717 140.808 315.22 315.323 625.353 1261.68 
3.853175 143.984 144.076 312.393 312.496 638.257 1251.8 
3.859889 147.265 147.357 309.539 309.641 651.161 1241.82 
3.866603 150.56 150.652 306.659 306.761 664.06 1231.74 
3.873318 153.867 153.96 303.752 303.854 676.951 1221.58 
3.880032 157.185 157.279 300.82 300.922 689.832 1211.32 
3.886746 160.514 160.608 297.864 297.965 702.698 1200.98 
3.893460 163.853 163.947 294.883 294.984 715.547 1190.54 
3.900175 167.199 167.294 291.878 291.979 728.377 1180.02 
3.906889 170.554 170.648 288.85 288.951 741.183 1169.41 
3.913603 173.915 174.01 285.8 285.901 753.965 1158.72 
3.920317 177.282 177.377 282.728 282.829 766.718 1147.94 
3.927032 180.653 180.749 279.635 279.736 779.441 1137.08 
3.933746 184.028 184.124 276.522 276.622 792.13 1126.14 
3.940460 187.407 187.503 273.389 273.489 804.784 1115.12 
3.947174 190.787 190.883 270.236 270.336 817.4 1104.02 
3.953889 194.168 194.265 267.065 267.165 829.977 1092.84 
3.960603 197.549 197.646 263.877 263.977 842.511 1081.58 
3.967317 200.93 201.027 260.671 260.771 855.001 1070.25 
3.974031 204.309 204.406 257.449 257.549 867.445 1058.85 
3.980746 207.685 207.783 254.212 254.311 879.841 1047.37 
3.987460 211.058 211.156 250.959 251.059 892.187 1035.82 
3.994174 214.427 214.525 247.693 247.792 904.481 1024.21 
4.000888 217.791 217.889 244.413 244.512 916.721 1012.52 
4.007602 221.148 221.247 241.121 241.22 928.906 1000.77 
4.014317 224.499 224.597 237.817 237.916 941.034 988.947 
4.021031 227.842 227.941 234.502 234.601 953.103 977.062 
4.027745 231.169 231.184 231.252 231.299 964.951 965.276 
